<?xml version="1.0" encoding="UTF-8"?>
<!-- Generated by org.testng.reporters.JUnitReportReporter -->
<testsuite hostname="DESKTOP-9A58I0B" failures="0" tests="1" name="admin_module.updateDrProfile_util_pom" time="16.282" errors="0" timestamp="2024-04-17T17:14:21 PDT" skipped="0">
  <testcase classname="admin_module.updateDrProfile_util_pom" name="script2main" time="16.282"/>
</testsuite> <!-- admin_module.updateDrProfile_util_pom -->
