<?xml version="1.0" encoding="UTF-8"?>
<!-- Generated by org.testng.reporters.JUnitReportReporter -->
<testsuite hostname="DESKTOP-9A58I0B" failures="0" tests="2" name="trailanderror.HardAssert" time="4.689" errors="0" timestamp="2024-04-12T12:25:01 PDT" skipped="0">
  <testcase classname="trailanderror.HardAssert" name="hassert" time="4.664"/>
  <testcase classname="trailanderror.HardAssert" name="abc" time="0.025"/>
</testsuite> <!-- trailanderror.HardAssert -->
