<?xml version="1.0" encoding="UTF-8"?>
<!-- Generated by org.testng.reporters.JUnitReportReporter -->
<testsuite hostname="DESKTOP-9A58I0B" failures="0" tests="1" name="patient_module.patientApplyAppntmnt_pom_util_test" time="26.318" errors="0" timestamp="2024-04-17T17:14:21 PDT" skipped="0">
  <testcase classname="patient_module.patientApplyAppntmnt_pom_util_test" name="script5" time="26.318"/>
</testsuite> <!-- patient_module.patientApplyAppntmnt_pom_util_test -->
