<?xml version="1.0" encoding="UTF-8"?>
<!-- Generated by org.testng.reporters.JUnitReportReporter -->
<testsuite hostname="DESKTOP-9A58I0B" failures="0" tests="4" name="trailanderror.TestNGcheck" time="0.029" errors="0" timestamp="2024-04-12T12:44:40 PDT" skipped="0">
  <testcase classname="trailanderror.TestNGcheck" name="parents" time="0.017"/>
  <testcase classname="trailanderror.TestNGcheck" name="ty" time="0.003"/>
  <testcase classname="trailanderror.TestNGcheck" name="qsp" time="0.004"/>
  <testcase classname="trailanderror.TestNGcheck" name="student" time="0.005"/>
</testsuite> <!-- trailanderror.TestNGcheck -->
