<?xml version="1.0" encoding="UTF-8"?>
<!-- Generated by org.testng.reporters.JUnitReportReporter -->
<testsuite hostname="DESKTOP-9A58I0B" failures="0" tests="1" name="trailanderror.SoftAsertSample" time="0.026" errors="0" timestamp="2024-04-12T12:29:46 PDT" skipped="0">
  <testcase classname="trailanderror.SoftAsertSample" name="sassert" time="0.026"/>
</testsuite> <!-- trailanderror.SoftAsertSample -->
