<?xml version="1.0" encoding="UTF-8"?>
<!-- Generated by org.testng.reporters.JUnitReportReporter -->
<testsuite hostname="DESKTOP-9A58I0B" failures="0" tests="1" name="admin_module.adminFetchReports_pom_util_Test" time="16.389" errors="0" timestamp="2024-04-17T17:51:07 PDT" skipped="0">
  <testcase classname="admin_module.adminFetchReports_pom_util_Test" name="script1main" time="16.389">
    <system-out>
      <![CDATA[execution starts from here
script1main---> executed successfully]]>
    </system-out>
  </testcase> <!-- script1main -->
  <system-out>
    <![CDATA[connected to db
this is chrome
logged in
execution starts from here
script1main---> executed successfully
logged out
browser has been closed
DB is shut down]]>
  </system-out>
</testsuite> <!-- admin_module.adminFetchReports_pom_util_Test -->
