<?xml version="1.0" encoding="UTF-8"?>
<!-- Generated by org.testng.reporters.JUnitReportReporter -->
<testsuite hostname="DESKTOP-9A58I0B" failures="0" tests="4" name="trailanderror.trashtest" time="0.019" errors="0" timestamp="2024-04-12T12:44:40 PDT" skipped="0">
  <testcase classname="trailanderror.trashtest" name="demo1" time="0.004"/>
  <testcase classname="trailanderror.trashtest" name="sample1" time="0.004"/>
  <testcase classname="trailanderror.trashtest" name="jsp" time="0.006"/>
  <testcase classname="trailanderror.trashtest" name="py" time="0.005"/>
</testsuite> <!-- trailanderror.trashtest -->
