<?xml version="1.0" encoding="UTF-8"?>
<!-- Generated by org.testng.reporters.JUnitReportReporter -->
<testsuite hostname="DESKTOP-9A58I0B" failures="0" tests="3" name="trailanderror.dataProvider" time="0.022" errors="0" timestamp="2024-04-17T12:45:25 PDT" skipped="0">
  <testcase classname="trailanderror.dataProvider" name="getData" time="0.005"/>
  <testcase classname="trailanderror.dataProvider" name="getData" time="0.005"/>
  <testcase classname="trailanderror.dataProvider" name="getData" time="0.012"/>
</testsuite> <!-- trailanderror.dataProvider -->
