<?xml version="1.0" encoding="UTF-8"?>
<!-- Generated by org.testng.reporters.JUnitReportReporter -->
<testsuite hostname="DESKTOP-9A58I0B" failures="0" tests="1" name="trailanderror.dprovider" time="56.799" errors="0" timestamp="2024-04-17T09:53:51 PDT" skipped="0">
  <testcase classname="trailanderror.dprovider" name="edge" time="56.799"/>
</testsuite> <!-- trailanderror.dprovider -->
